# JRE version: Java(TM) SE Runtime Environment (9.0+11) (build 9.0.1+11)
# Java VM: Java HotSpot(TM) 64-Bit Server VM (9.0.1+11, mixed mode, tiered, compressed oops, g1 gc, bsd-amd64)
Heap:
 garbage-first heap   total 131072K, used 15591K [0x0000000740000000, 0x0000000740100400, 0x00000007c0000000)
  region size 1024K, 12 young (12288K), 5 survivors (5120K)
 Metaspace       used 21965K, capacity 22846K, committed 22912K, reserved 1069056K
  class space    used 2475K, capacity 2659K, committed 2688K, reserved 1048576K
GC Heap History (8 events):
Event: 1.291 GC heap before
{Heap before GC invocations=0 (full 0):
 garbage-first heap   total 131072K, used 14336K [0x0000000740000000, 0x0000000740100400, 0x00000007c0000000)
  region size 1024K, 14 young (14336K), 0 survivors (0K)
 Metaspace       used 12431K, capacity 12816K, committed 12928K, reserved 1060864K
  class space    used 1225K, capacity 1296K, committed 1408K, reserved 1048576K
}
Event: 1.302 GC heap after
{Heap after GC invocations=1 (full 0):
 garbage-first heap   total 131072K, used 4963K [0x0000000740000000, 0x0000000740100400, 0x00000007c0000000)
  region size 1024K, 2 young (2048K), 2 survivors (2048K)
 Metaspace       used 12431K, capacity 12816K, committed 12928K, reserved 1060864K
  class space    used 1225K, capacity 1296K, committed 1408K, reserved 1048576K
}
Event: 1.603 GC heap before
{Heap before GC invocations=1 (full 0):
 garbage-first heap   total 131072K, used 10083K [0x0000000740000000, 0x0000000740100400, 0x00000007c0000000)
  region size 1024K, 7 young (7168K), 2 survivors (2048K)
 Metaspace       used 14061K, capacity 14484K, committed 14592K, reserved 1062912K
  class space    used 1434K, capacity 1506K, committed 1536K, reserved 1048576K
}
Event: 1.607 GC heap after
{Heap after GC invocations=2 (full 0):
 garbage-first heap   total 131072K, used 5938K [0x0000000740000000, 0x0000000740100400, 0x00000007c0000000)
  region size 1024K, 1 young (1024K), 1 survivors (1024K)
 Metaspace       used 14061K, capacity 14484K, committed 14592K, reserved 1062912K
  class space    used 1434K, capacity 1506K, committed 1536K, reserved 1048576K
}
Event: 2.359 GC heap before
{Heap before GC invocations=2 (full 0):
 garbage-first heap   total 131072K, used 25394K [0x0000000740000000, 0x0000000740100400, 0x00000007c0000000)
  region size 1024K, 20 young (20480K), 1 survivors (1024K)
 Metaspace       used 18468K, capacity 19008K, committed 19328K, reserved 1067008K
  class space    used 1986K, capacity 2104K, committed 2176K, reserved 1048576K
}
Event: 2.366 GC heap after
{Heap after GC invocations=3 (full 0):
 garbage-first heap   total 131072K, used 9208K [0x0000000740000000, 0x0000000740100400, 0x00000007c0000000)
  region size 1024K, 3 young (3072K), 3 survivors (3072K)
 Metaspace       used 18468K, capacity 19008K, committed 19328K, reserved 1067008K
  class space    used 1986K, capacity 2104K, committed 2176K, reserved 1048576K
}
Event: 2.752 GC heap before
{Heap before GC invocations=3 (full 0):
 garbage-first heap   total 131072K, used 18424K [0x0000000740000000, 0x0000000740100400, 0x00000007c0000000)
  region size 1024K, 13 young (13312K), 3 survivors (3072K)
 Metaspace       used 20406K, capacity 21076K, committed 21248K, reserved 1069056K
  class space    used 2290K, capacity 2436K, committed 2560K, reserved 1048576K
}
Event: 2.757 GC heap after
{Heap after GC invocations=4 (full 0):
 garbage-first heap   total 131072K, used 10463K [0x0000000740000000, 0x0000000740100400, 0x00000007c0000000)
  region size 1024K, 5 young (5120K), 5 survivors (5120K)
 Metaspace       used 20406K, capacity 21076K, committed 21248K, reserved 1069056K
  class space    used 2290K, capacity 2436K, committed 2560K, reserved 1048576K
}

